ARM GAS  /tmp/ccaLCxyM.s 			page 1


   1              		.cpu cortex-m4
   2              		.eabi_attribute 27, 1
   3              		.eabi_attribute 28, 1
   4              		.eabi_attribute 20, 1
   5              		.eabi_attribute 21, 1
   6              		.eabi_attribute 23, 3
   7              		.eabi_attribute 24, 1
   8              		.eabi_attribute 25, 1
   9              		.eabi_attribute 26, 1
  10              		.eabi_attribute 30, 1
  11              		.eabi_attribute 34, 1
  12              		.eabi_attribute 18, 4
  13              		.file	"stm32f4xx_hal_msp.c"
  14              		.text
  15              	.Ltext0:
  16              		.cfi_sections	.debug_frame
  17              		.section	.text.HAL_MspInit,"ax",%progbits
  18              		.align	1
  19              		.global	HAL_MspInit
  20              		.syntax unified
  21              		.thumb
  22              		.thumb_func
  23              		.fpu fpv4-sp-d16
  25              	HAL_MspInit:
  26              	.LFB130:
  27              		.file 1 "Src/stm32f4xx_hal_msp.c"
   1:Src/stm32f4xx_hal_msp.c **** /* USER CODE BEGIN Header */
   2:Src/stm32f4xx_hal_msp.c **** /**
   3:Src/stm32f4xx_hal_msp.c ****   ******************************************************************************
   4:Src/stm32f4xx_hal_msp.c ****   * File Name          : stm32f4xx_hal_msp.c
   5:Src/stm32f4xx_hal_msp.c ****   * Description        : This file provides code for the MSP Initialization 
   6:Src/stm32f4xx_hal_msp.c ****   *                      and de-Initialization codes.
   7:Src/stm32f4xx_hal_msp.c ****   ******************************************************************************
   8:Src/stm32f4xx_hal_msp.c ****   * @attention
   9:Src/stm32f4xx_hal_msp.c ****   *
  10:Src/stm32f4xx_hal_msp.c ****   * <h2><center>&copy; Copyright (c) 2019 STMicroelectronics.
  11:Src/stm32f4xx_hal_msp.c ****   * All rights reserved.</center></h2>
  12:Src/stm32f4xx_hal_msp.c ****   *
  13:Src/stm32f4xx_hal_msp.c ****   * This software component is licensed by ST under Ultimate Liberty license
  14:Src/stm32f4xx_hal_msp.c ****   * SLA0044, the "License"; You may not use this file except in compliance with
  15:Src/stm32f4xx_hal_msp.c ****   * the License. You may obtain a copy of the License at:
  16:Src/stm32f4xx_hal_msp.c ****   *                             www.st.com/SLA0044
  17:Src/stm32f4xx_hal_msp.c ****   *
  18:Src/stm32f4xx_hal_msp.c ****   ******************************************************************************
  19:Src/stm32f4xx_hal_msp.c ****   */
  20:Src/stm32f4xx_hal_msp.c **** /* USER CODE END Header */
  21:Src/stm32f4xx_hal_msp.c **** 
  22:Src/stm32f4xx_hal_msp.c **** /* Includes ------------------------------------------------------------------*/
  23:Src/stm32f4xx_hal_msp.c **** #include "main.h"
  24:Src/stm32f4xx_hal_msp.c **** /* USER CODE BEGIN Includes */
  25:Src/stm32f4xx_hal_msp.c **** 
  26:Src/stm32f4xx_hal_msp.c **** /* USER CODE END Includes */
  27:Src/stm32f4xx_hal_msp.c **** 
  28:Src/stm32f4xx_hal_msp.c **** /* Private typedef -----------------------------------------------------------*/
  29:Src/stm32f4xx_hal_msp.c **** /* USER CODE BEGIN TD */
  30:Src/stm32f4xx_hal_msp.c **** 
  31:Src/stm32f4xx_hal_msp.c **** /* USER CODE END TD */
ARM GAS  /tmp/ccaLCxyM.s 			page 2


  32:Src/stm32f4xx_hal_msp.c **** 
  33:Src/stm32f4xx_hal_msp.c **** /* Private define ------------------------------------------------------------*/
  34:Src/stm32f4xx_hal_msp.c **** /* USER CODE BEGIN Define */
  35:Src/stm32f4xx_hal_msp.c ****  
  36:Src/stm32f4xx_hal_msp.c **** /* USER CODE END Define */
  37:Src/stm32f4xx_hal_msp.c **** 
  38:Src/stm32f4xx_hal_msp.c **** /* Private macro -------------------------------------------------------------*/
  39:Src/stm32f4xx_hal_msp.c **** /* USER CODE BEGIN Macro */
  40:Src/stm32f4xx_hal_msp.c **** 
  41:Src/stm32f4xx_hal_msp.c **** /* USER CODE END Macro */
  42:Src/stm32f4xx_hal_msp.c **** 
  43:Src/stm32f4xx_hal_msp.c **** /* Private variables ---------------------------------------------------------*/
  44:Src/stm32f4xx_hal_msp.c **** /* USER CODE BEGIN PV */
  45:Src/stm32f4xx_hal_msp.c **** 
  46:Src/stm32f4xx_hal_msp.c **** /* USER CODE END PV */
  47:Src/stm32f4xx_hal_msp.c **** 
  48:Src/stm32f4xx_hal_msp.c **** /* Private function prototypes -----------------------------------------------*/
  49:Src/stm32f4xx_hal_msp.c **** /* USER CODE BEGIN PFP */
  50:Src/stm32f4xx_hal_msp.c **** 
  51:Src/stm32f4xx_hal_msp.c **** /* USER CODE END PFP */
  52:Src/stm32f4xx_hal_msp.c **** 
  53:Src/stm32f4xx_hal_msp.c **** /* External functions --------------------------------------------------------*/
  54:Src/stm32f4xx_hal_msp.c **** /* USER CODE BEGIN ExternalFunctions */
  55:Src/stm32f4xx_hal_msp.c **** 
  56:Src/stm32f4xx_hal_msp.c **** /* USER CODE END ExternalFunctions */
  57:Src/stm32f4xx_hal_msp.c **** 
  58:Src/stm32f4xx_hal_msp.c **** /* USER CODE BEGIN 0 */
  59:Src/stm32f4xx_hal_msp.c **** 
  60:Src/stm32f4xx_hal_msp.c **** /* USER CODE END 0 */
  61:Src/stm32f4xx_hal_msp.c **** /**
  62:Src/stm32f4xx_hal_msp.c ****   * Initializes the Global MSP.
  63:Src/stm32f4xx_hal_msp.c ****   */
  64:Src/stm32f4xx_hal_msp.c **** void HAL_MspInit(void)
  65:Src/stm32f4xx_hal_msp.c **** {
  28              		.loc 1 65 0
  29              		.cfi_startproc
  30              		@ args = 0, pretend = 0, frame = 8
  31              		@ frame_needed = 0, uses_anonymous_args = 0
  32 0000 00B5     		push	{lr}
  33              	.LCFI0:
  34              		.cfi_def_cfa_offset 4
  35              		.cfi_offset 14, -4
  36 0002 83B0     		sub	sp, sp, #12
  37              	.LCFI1:
  38              		.cfi_def_cfa_offset 16
  39              	.LBB2:
  66:Src/stm32f4xx_hal_msp.c ****   /* USER CODE BEGIN MspInit 0 */
  67:Src/stm32f4xx_hal_msp.c **** 
  68:Src/stm32f4xx_hal_msp.c ****   /* USER CODE END MspInit 0 */
  69:Src/stm32f4xx_hal_msp.c **** 
  70:Src/stm32f4xx_hal_msp.c ****   __HAL_RCC_SYSCFG_CLK_ENABLE();
  40              		.loc 1 70 0
  41 0004 0022     		movs	r2, #0
  42 0006 0092     		str	r2, [sp]
  43 0008 0D4B     		ldr	r3, .L3
  44 000a 596C     		ldr	r1, [r3, #68]
  45 000c 41F48041 		orr	r1, r1, #16384
ARM GAS  /tmp/ccaLCxyM.s 			page 3


  46 0010 5964     		str	r1, [r3, #68]
  47 0012 596C     		ldr	r1, [r3, #68]
  48 0014 01F48041 		and	r1, r1, #16384
  49 0018 0091     		str	r1, [sp]
  50 001a 0099     		ldr	r1, [sp]
  51              	.LBE2:
  52              	.LBB3:
  71:Src/stm32f4xx_hal_msp.c ****   __HAL_RCC_PWR_CLK_ENABLE();
  53              		.loc 1 71 0
  54 001c 0192     		str	r2, [sp, #4]
  55 001e 196C     		ldr	r1, [r3, #64]
  56 0020 41F08051 		orr	r1, r1, #268435456
  57 0024 1964     		str	r1, [r3, #64]
  58 0026 1B6C     		ldr	r3, [r3, #64]
  59 0028 03F08053 		and	r3, r3, #268435456
  60 002c 0193     		str	r3, [sp, #4]
  61 002e 019B     		ldr	r3, [sp, #4]
  62              	.LBE3:
  72:Src/stm32f4xx_hal_msp.c **** 
  73:Src/stm32f4xx_hal_msp.c ****   /* System interrupt init*/
  74:Src/stm32f4xx_hal_msp.c ****   /* PendSV_IRQn interrupt configuration */
  75:Src/stm32f4xx_hal_msp.c ****   HAL_NVIC_SetPriority(PendSV_IRQn, 15, 0);
  63              		.loc 1 75 0
  64 0030 0F21     		movs	r1, #15
  65 0032 6FF00100 		mvn	r0, #1
  66 0036 FFF7FEFF 		bl	HAL_NVIC_SetPriority
  67              	.LVL0:
  76:Src/stm32f4xx_hal_msp.c **** 
  77:Src/stm32f4xx_hal_msp.c ****   /* USER CODE BEGIN MspInit 1 */
  78:Src/stm32f4xx_hal_msp.c **** 
  79:Src/stm32f4xx_hal_msp.c ****   /* USER CODE END MspInit 1 */
  80:Src/stm32f4xx_hal_msp.c **** }
  68              		.loc 1 80 0
  69 003a 03B0     		add	sp, sp, #12
  70              	.LCFI2:
  71              		.cfi_def_cfa_offset 4
  72              		@ sp needed
  73 003c 5DF804FB 		ldr	pc, [sp], #4
  74              	.L4:
  75              		.align	2
  76              	.L3:
  77 0040 00380240 		.word	1073887232
  78              		.cfi_endproc
  79              	.LFE130:
  81              		.section	.text.HAL_UART_MspInit,"ax",%progbits
  82              		.align	1
  83              		.global	HAL_UART_MspInit
  84              		.syntax unified
  85              		.thumb
  86              		.thumb_func
  87              		.fpu fpv4-sp-d16
  89              	HAL_UART_MspInit:
  90              	.LFB131:
  81:Src/stm32f4xx_hal_msp.c **** 
  82:Src/stm32f4xx_hal_msp.c **** /**
  83:Src/stm32f4xx_hal_msp.c **** * @brief UART MSP Initialization
  84:Src/stm32f4xx_hal_msp.c **** * This function configures the hardware resources used in this example
ARM GAS  /tmp/ccaLCxyM.s 			page 4


  85:Src/stm32f4xx_hal_msp.c **** * @param huart: UART handle pointer
  86:Src/stm32f4xx_hal_msp.c **** * @retval None
  87:Src/stm32f4xx_hal_msp.c **** */
  88:Src/stm32f4xx_hal_msp.c **** void HAL_UART_MspInit(UART_HandleTypeDef* huart)
  89:Src/stm32f4xx_hal_msp.c **** {
  91              		.loc 1 89 0
  92              		.cfi_startproc
  93              		@ args = 0, pretend = 0, frame = 32
  94              		@ frame_needed = 0, uses_anonymous_args = 0
  95              	.LVL1:
  96 0000 00B5     		push	{lr}
  97              	.LCFI3:
  98              		.cfi_def_cfa_offset 4
  99              		.cfi_offset 14, -4
 100 0002 89B0     		sub	sp, sp, #36
 101              	.LCFI4:
 102              		.cfi_def_cfa_offset 40
  90:Src/stm32f4xx_hal_msp.c ****   GPIO_InitTypeDef GPIO_InitStruct = {0};
 103              		.loc 1 90 0
 104 0004 0023     		movs	r3, #0
 105 0006 0393     		str	r3, [sp, #12]
 106 0008 0493     		str	r3, [sp, #16]
 107 000a 0593     		str	r3, [sp, #20]
 108 000c 0693     		str	r3, [sp, #24]
 109 000e 0793     		str	r3, [sp, #28]
  91:Src/stm32f4xx_hal_msp.c ****   if(huart->Instance==USART3)
 110              		.loc 1 91 0
 111 0010 0268     		ldr	r2, [r0]
 112 0012 164B     		ldr	r3, .L9
 113 0014 9A42     		cmp	r2, r3
 114 0016 02D0     		beq	.L8
 115              	.LVL2:
 116              	.L5:
  92:Src/stm32f4xx_hal_msp.c ****   {
  93:Src/stm32f4xx_hal_msp.c ****   /* USER CODE BEGIN USART3_MspInit 0 */
  94:Src/stm32f4xx_hal_msp.c **** 
  95:Src/stm32f4xx_hal_msp.c ****   /* USER CODE END USART3_MspInit 0 */
  96:Src/stm32f4xx_hal_msp.c ****     /* Peripheral clock enable */
  97:Src/stm32f4xx_hal_msp.c ****     __HAL_RCC_USART3_CLK_ENABLE();
  98:Src/stm32f4xx_hal_msp.c ****   
  99:Src/stm32f4xx_hal_msp.c ****     __HAL_RCC_GPIOD_CLK_ENABLE();
 100:Src/stm32f4xx_hal_msp.c ****     /**USART3 GPIO Configuration    
 101:Src/stm32f4xx_hal_msp.c ****     PD8     ------> USART3_TX
 102:Src/stm32f4xx_hal_msp.c ****     PD9     ------> USART3_RX 
 103:Src/stm32f4xx_hal_msp.c ****     */
 104:Src/stm32f4xx_hal_msp.c ****     GPIO_InitStruct.Pin = STLK_RX_Pin|STLK_TX_Pin;
 105:Src/stm32f4xx_hal_msp.c ****     GPIO_InitStruct.Mode = GPIO_MODE_AF_PP;
 106:Src/stm32f4xx_hal_msp.c ****     GPIO_InitStruct.Pull = GPIO_PULLUP;
 107:Src/stm32f4xx_hal_msp.c ****     GPIO_InitStruct.Speed = GPIO_SPEED_FREQ_VERY_HIGH;
 108:Src/stm32f4xx_hal_msp.c ****     GPIO_InitStruct.Alternate = GPIO_AF7_USART3;
 109:Src/stm32f4xx_hal_msp.c ****     HAL_GPIO_Init(GPIOD, &GPIO_InitStruct);
 110:Src/stm32f4xx_hal_msp.c **** 
 111:Src/stm32f4xx_hal_msp.c ****   /* USER CODE BEGIN USART3_MspInit 1 */
 112:Src/stm32f4xx_hal_msp.c **** 
 113:Src/stm32f4xx_hal_msp.c ****   /* USER CODE END USART3_MspInit 1 */
 114:Src/stm32f4xx_hal_msp.c ****   }
 115:Src/stm32f4xx_hal_msp.c **** 
ARM GAS  /tmp/ccaLCxyM.s 			page 5


 116:Src/stm32f4xx_hal_msp.c **** }
 117              		.loc 1 116 0
 118 0018 09B0     		add	sp, sp, #36
 119              	.LCFI5:
 120              		.cfi_remember_state
 121              		.cfi_def_cfa_offset 4
 122              		@ sp needed
 123 001a 5DF804FB 		ldr	pc, [sp], #4
 124              	.LVL3:
 125              	.L8:
 126              	.LCFI6:
 127              		.cfi_restore_state
 128              	.LBB4:
  97:Src/stm32f4xx_hal_msp.c ****   
 129              		.loc 1 97 0
 130 001e 0021     		movs	r1, #0
 131 0020 0191     		str	r1, [sp, #4]
 132 0022 03F5F833 		add	r3, r3, #126976
 133 0026 1A6C     		ldr	r2, [r3, #64]
 134 0028 42F48022 		orr	r2, r2, #262144
 135 002c 1A64     		str	r2, [r3, #64]
 136 002e 1A6C     		ldr	r2, [r3, #64]
 137 0030 02F48022 		and	r2, r2, #262144
 138 0034 0192     		str	r2, [sp, #4]
 139 0036 019A     		ldr	r2, [sp, #4]
 140              	.LBE4:
 141              	.LBB5:
  99:Src/stm32f4xx_hal_msp.c ****     /**USART3 GPIO Configuration    
 142              		.loc 1 99 0
 143 0038 0291     		str	r1, [sp, #8]
 144 003a 1A6B     		ldr	r2, [r3, #48]
 145 003c 42F00802 		orr	r2, r2, #8
 146 0040 1A63     		str	r2, [r3, #48]
 147 0042 1B6B     		ldr	r3, [r3, #48]
 148 0044 03F00803 		and	r3, r3, #8
 149 0048 0293     		str	r3, [sp, #8]
 150 004a 029B     		ldr	r3, [sp, #8]
 151              	.LBE5:
 104:Src/stm32f4xx_hal_msp.c ****     GPIO_InitStruct.Mode = GPIO_MODE_AF_PP;
 152              		.loc 1 104 0
 153 004c 4FF44073 		mov	r3, #768
 154 0050 0393     		str	r3, [sp, #12]
 105:Src/stm32f4xx_hal_msp.c ****     GPIO_InitStruct.Pull = GPIO_PULLUP;
 155              		.loc 1 105 0
 156 0052 0223     		movs	r3, #2
 157 0054 0493     		str	r3, [sp, #16]
 106:Src/stm32f4xx_hal_msp.c ****     GPIO_InitStruct.Speed = GPIO_SPEED_FREQ_VERY_HIGH;
 158              		.loc 1 106 0
 159 0056 0123     		movs	r3, #1
 160 0058 0593     		str	r3, [sp, #20]
 107:Src/stm32f4xx_hal_msp.c ****     GPIO_InitStruct.Alternate = GPIO_AF7_USART3;
 161              		.loc 1 107 0
 162 005a 0323     		movs	r3, #3
 163 005c 0693     		str	r3, [sp, #24]
 108:Src/stm32f4xx_hal_msp.c ****     HAL_GPIO_Init(GPIOD, &GPIO_InitStruct);
 164              		.loc 1 108 0
 165 005e 0723     		movs	r3, #7
ARM GAS  /tmp/ccaLCxyM.s 			page 6


 166 0060 0793     		str	r3, [sp, #28]
 109:Src/stm32f4xx_hal_msp.c **** 
 167              		.loc 1 109 0
 168 0062 03A9     		add	r1, sp, #12
 169 0064 0248     		ldr	r0, .L9+4
 170              	.LVL4:
 171 0066 FFF7FEFF 		bl	HAL_GPIO_Init
 172              	.LVL5:
 173              		.loc 1 116 0
 174 006a D5E7     		b	.L5
 175              	.L10:
 176              		.align	2
 177              	.L9:
 178 006c 00480040 		.word	1073760256
 179 0070 000C0240 		.word	1073875968
 180              		.cfi_endproc
 181              	.LFE131:
 183              		.section	.text.HAL_UART_MspDeInit,"ax",%progbits
 184              		.align	1
 185              		.global	HAL_UART_MspDeInit
 186              		.syntax unified
 187              		.thumb
 188              		.thumb_func
 189              		.fpu fpv4-sp-d16
 191              	HAL_UART_MspDeInit:
 192              	.LFB132:
 117:Src/stm32f4xx_hal_msp.c **** 
 118:Src/stm32f4xx_hal_msp.c **** /**
 119:Src/stm32f4xx_hal_msp.c **** * @brief UART MSP De-Initialization
 120:Src/stm32f4xx_hal_msp.c **** * This function freeze the hardware resources used in this example
 121:Src/stm32f4xx_hal_msp.c **** * @param huart: UART handle pointer
 122:Src/stm32f4xx_hal_msp.c **** * @retval None
 123:Src/stm32f4xx_hal_msp.c **** */
 124:Src/stm32f4xx_hal_msp.c **** void HAL_UART_MspDeInit(UART_HandleTypeDef* huart)
 125:Src/stm32f4xx_hal_msp.c **** {
 193              		.loc 1 125 0
 194              		.cfi_startproc
 195              		@ args = 0, pretend = 0, frame = 0
 196              		@ frame_needed = 0, uses_anonymous_args = 0
 197              	.LVL6:
 198 0000 08B5     		push	{r3, lr}
 199              	.LCFI7:
 200              		.cfi_def_cfa_offset 8
 201              		.cfi_offset 3, -8
 202              		.cfi_offset 14, -4
 126:Src/stm32f4xx_hal_msp.c ****   if(huart->Instance==USART3)
 203              		.loc 1 126 0
 204 0002 0268     		ldr	r2, [r0]
 205 0004 074B     		ldr	r3, .L15
 206 0006 9A42     		cmp	r2, r3
 207 0008 00D0     		beq	.L14
 208              	.LVL7:
 209              	.L11:
 127:Src/stm32f4xx_hal_msp.c ****   {
 128:Src/stm32f4xx_hal_msp.c ****   /* USER CODE BEGIN USART3_MspDeInit 0 */
 129:Src/stm32f4xx_hal_msp.c **** 
 130:Src/stm32f4xx_hal_msp.c ****   /* USER CODE END USART3_MspDeInit 0 */
ARM GAS  /tmp/ccaLCxyM.s 			page 7


 131:Src/stm32f4xx_hal_msp.c ****     /* Peripheral clock disable */
 132:Src/stm32f4xx_hal_msp.c ****     __HAL_RCC_USART3_CLK_DISABLE();
 133:Src/stm32f4xx_hal_msp.c ****   
 134:Src/stm32f4xx_hal_msp.c ****     /**USART3 GPIO Configuration    
 135:Src/stm32f4xx_hal_msp.c ****     PD8     ------> USART3_TX
 136:Src/stm32f4xx_hal_msp.c ****     PD9     ------> USART3_RX 
 137:Src/stm32f4xx_hal_msp.c ****     */
 138:Src/stm32f4xx_hal_msp.c ****     HAL_GPIO_DeInit(GPIOD, STLK_RX_Pin|STLK_TX_Pin);
 139:Src/stm32f4xx_hal_msp.c **** 
 140:Src/stm32f4xx_hal_msp.c ****   /* USER CODE BEGIN USART3_MspDeInit 1 */
 141:Src/stm32f4xx_hal_msp.c **** 
 142:Src/stm32f4xx_hal_msp.c ****   /* USER CODE END USART3_MspDeInit 1 */
 143:Src/stm32f4xx_hal_msp.c ****   }
 144:Src/stm32f4xx_hal_msp.c **** 
 145:Src/stm32f4xx_hal_msp.c **** }
 210              		.loc 1 145 0
 211 000a 08BD     		pop	{r3, pc}
 212              	.LVL8:
 213              	.L14:
 132:Src/stm32f4xx_hal_msp.c ****   
 214              		.loc 1 132 0
 215 000c 064A     		ldr	r2, .L15+4
 216 000e 136C     		ldr	r3, [r2, #64]
 217 0010 23F48023 		bic	r3, r3, #262144
 218 0014 1364     		str	r3, [r2, #64]
 138:Src/stm32f4xx_hal_msp.c **** 
 219              		.loc 1 138 0
 220 0016 4FF44071 		mov	r1, #768
 221 001a 0448     		ldr	r0, .L15+8
 222              	.LVL9:
 223 001c FFF7FEFF 		bl	HAL_GPIO_DeInit
 224              	.LVL10:
 225              		.loc 1 145 0
 226 0020 F3E7     		b	.L11
 227              	.L16:
 228 0022 00BF     		.align	2
 229              	.L15:
 230 0024 00480040 		.word	1073760256
 231 0028 00380240 		.word	1073887232
 232 002c 000C0240 		.word	1073875968
 233              		.cfi_endproc
 234              	.LFE132:
 236              		.section	.text.HAL_PCD_MspInit,"ax",%progbits
 237              		.align	1
 238              		.global	HAL_PCD_MspInit
 239              		.syntax unified
 240              		.thumb
 241              		.thumb_func
 242              		.fpu fpv4-sp-d16
 244              	HAL_PCD_MspInit:
 245              	.LFB133:
 146:Src/stm32f4xx_hal_msp.c **** 
 147:Src/stm32f4xx_hal_msp.c **** /**
 148:Src/stm32f4xx_hal_msp.c **** * @brief PCD MSP Initialization
 149:Src/stm32f4xx_hal_msp.c **** * This function configures the hardware resources used in this example
 150:Src/stm32f4xx_hal_msp.c **** * @param hpcd: PCD handle pointer
 151:Src/stm32f4xx_hal_msp.c **** * @retval None
ARM GAS  /tmp/ccaLCxyM.s 			page 8


 152:Src/stm32f4xx_hal_msp.c **** */
 153:Src/stm32f4xx_hal_msp.c **** void HAL_PCD_MspInit(PCD_HandleTypeDef* hpcd)
 154:Src/stm32f4xx_hal_msp.c **** {
 246              		.loc 1 154 0
 247              		.cfi_startproc
 248              		@ args = 0, pretend = 0, frame = 32
 249              		@ frame_needed = 0, uses_anonymous_args = 0
 250              	.LVL11:
 251 0000 70B5     		push	{r4, r5, r6, lr}
 252              	.LCFI8:
 253              		.cfi_def_cfa_offset 16
 254              		.cfi_offset 4, -16
 255              		.cfi_offset 5, -12
 256              		.cfi_offset 6, -8
 257              		.cfi_offset 14, -4
 258 0002 88B0     		sub	sp, sp, #32
 259              	.LCFI9:
 260              		.cfi_def_cfa_offset 48
 155:Src/stm32f4xx_hal_msp.c ****   GPIO_InitTypeDef GPIO_InitStruct = {0};
 261              		.loc 1 155 0
 262 0004 0023     		movs	r3, #0
 263 0006 0393     		str	r3, [sp, #12]
 264 0008 0493     		str	r3, [sp, #16]
 265 000a 0593     		str	r3, [sp, #20]
 266 000c 0693     		str	r3, [sp, #24]
 267 000e 0793     		str	r3, [sp, #28]
 156:Src/stm32f4xx_hal_msp.c ****   if(hpcd->Instance==USB_OTG_FS)
 268              		.loc 1 156 0
 269 0010 0368     		ldr	r3, [r0]
 270 0012 B3F1A04F 		cmp	r3, #1342177280
 271 0016 01D0     		beq	.L20
 272              	.LVL12:
 273              	.L17:
 157:Src/stm32f4xx_hal_msp.c ****   {
 158:Src/stm32f4xx_hal_msp.c ****   /* USER CODE BEGIN USB_OTG_FS_MspInit 0 */
 159:Src/stm32f4xx_hal_msp.c **** 
 160:Src/stm32f4xx_hal_msp.c ****   /* USER CODE END USB_OTG_FS_MspInit 0 */
 161:Src/stm32f4xx_hal_msp.c ****   
 162:Src/stm32f4xx_hal_msp.c ****     __HAL_RCC_GPIOA_CLK_ENABLE();
 163:Src/stm32f4xx_hal_msp.c ****     /**USB_OTG_FS GPIO Configuration    
 164:Src/stm32f4xx_hal_msp.c ****     PA8     ------> USB_OTG_FS_SOF
 165:Src/stm32f4xx_hal_msp.c ****     PA9     ------> USB_OTG_FS_VBUS
 166:Src/stm32f4xx_hal_msp.c ****     PA10     ------> USB_OTG_FS_ID
 167:Src/stm32f4xx_hal_msp.c ****     PA11     ------> USB_OTG_FS_DM
 168:Src/stm32f4xx_hal_msp.c ****     PA12     ------> USB_OTG_FS_DP 
 169:Src/stm32f4xx_hal_msp.c ****     */
 170:Src/stm32f4xx_hal_msp.c ****     GPIO_InitStruct.Pin = USB_SOF_Pin|USB_ID_Pin|USB_DM_Pin|USB_DP_Pin;
 171:Src/stm32f4xx_hal_msp.c ****     GPIO_InitStruct.Mode = GPIO_MODE_AF_PP;
 172:Src/stm32f4xx_hal_msp.c ****     GPIO_InitStruct.Pull = GPIO_NOPULL;
 173:Src/stm32f4xx_hal_msp.c ****     GPIO_InitStruct.Speed = GPIO_SPEED_FREQ_VERY_HIGH;
 174:Src/stm32f4xx_hal_msp.c ****     GPIO_InitStruct.Alternate = GPIO_AF10_OTG_FS;
 175:Src/stm32f4xx_hal_msp.c ****     HAL_GPIO_Init(GPIOA, &GPIO_InitStruct);
 176:Src/stm32f4xx_hal_msp.c **** 
 177:Src/stm32f4xx_hal_msp.c ****     GPIO_InitStruct.Pin = USB_VBUS_Pin;
 178:Src/stm32f4xx_hal_msp.c ****     GPIO_InitStruct.Mode = GPIO_MODE_INPUT;
 179:Src/stm32f4xx_hal_msp.c ****     GPIO_InitStruct.Pull = GPIO_NOPULL;
 180:Src/stm32f4xx_hal_msp.c ****     HAL_GPIO_Init(USB_VBUS_GPIO_Port, &GPIO_InitStruct);
ARM GAS  /tmp/ccaLCxyM.s 			page 9


 181:Src/stm32f4xx_hal_msp.c **** 
 182:Src/stm32f4xx_hal_msp.c ****     /* Peripheral clock enable */
 183:Src/stm32f4xx_hal_msp.c ****     __HAL_RCC_USB_OTG_FS_CLK_ENABLE();
 184:Src/stm32f4xx_hal_msp.c ****   /* USER CODE BEGIN USB_OTG_FS_MspInit 1 */
 185:Src/stm32f4xx_hal_msp.c **** 
 186:Src/stm32f4xx_hal_msp.c ****   /* USER CODE END USB_OTG_FS_MspInit 1 */
 187:Src/stm32f4xx_hal_msp.c ****   }
 188:Src/stm32f4xx_hal_msp.c **** 
 189:Src/stm32f4xx_hal_msp.c **** }
 274              		.loc 1 189 0
 275 0018 08B0     		add	sp, sp, #32
 276              	.LCFI10:
 277              		.cfi_remember_state
 278              		.cfi_def_cfa_offset 16
 279              		@ sp needed
 280 001a 70BD     		pop	{r4, r5, r6, pc}
 281              	.LVL13:
 282              	.L20:
 283              	.LCFI11:
 284              		.cfi_restore_state
 285              	.LBB6:
 162:Src/stm32f4xx_hal_msp.c ****     /**USB_OTG_FS GPIO Configuration    
 286              		.loc 1 162 0
 287 001c 0025     		movs	r5, #0
 288 001e 0195     		str	r5, [sp, #4]
 289 0020 174C     		ldr	r4, .L21
 290 0022 236B     		ldr	r3, [r4, #48]
 291 0024 43F00103 		orr	r3, r3, #1
 292 0028 2363     		str	r3, [r4, #48]
 293 002a 236B     		ldr	r3, [r4, #48]
 294 002c 03F00103 		and	r3, r3, #1
 295 0030 0193     		str	r3, [sp, #4]
 296 0032 019B     		ldr	r3, [sp, #4]
 297              	.LBE6:
 170:Src/stm32f4xx_hal_msp.c ****     GPIO_InitStruct.Mode = GPIO_MODE_AF_PP;
 298              		.loc 1 170 0
 299 0034 4FF4E853 		mov	r3, #7424
 300 0038 0393     		str	r3, [sp, #12]
 171:Src/stm32f4xx_hal_msp.c ****     GPIO_InitStruct.Pull = GPIO_NOPULL;
 301              		.loc 1 171 0
 302 003a 0223     		movs	r3, #2
 303 003c 0493     		str	r3, [sp, #16]
 173:Src/stm32f4xx_hal_msp.c ****     GPIO_InitStruct.Alternate = GPIO_AF10_OTG_FS;
 304              		.loc 1 173 0
 305 003e 0323     		movs	r3, #3
 306 0040 0693     		str	r3, [sp, #24]
 174:Src/stm32f4xx_hal_msp.c ****     HAL_GPIO_Init(GPIOA, &GPIO_InitStruct);
 307              		.loc 1 174 0
 308 0042 0A23     		movs	r3, #10
 309 0044 0793     		str	r3, [sp, #28]
 175:Src/stm32f4xx_hal_msp.c **** 
 310              		.loc 1 175 0
 311 0046 0F4E     		ldr	r6, .L21+4
 312 0048 03A9     		add	r1, sp, #12
 313 004a 3046     		mov	r0, r6
 314              	.LVL14:
 315 004c FFF7FEFF 		bl	HAL_GPIO_Init
ARM GAS  /tmp/ccaLCxyM.s 			page 10


 316              	.LVL15:
 177:Src/stm32f4xx_hal_msp.c ****     GPIO_InitStruct.Mode = GPIO_MODE_INPUT;
 317              		.loc 1 177 0
 318 0050 4FF40073 		mov	r3, #512
 319 0054 0393     		str	r3, [sp, #12]
 178:Src/stm32f4xx_hal_msp.c ****     GPIO_InitStruct.Pull = GPIO_NOPULL;
 320              		.loc 1 178 0
 321 0056 0495     		str	r5, [sp, #16]
 179:Src/stm32f4xx_hal_msp.c ****     HAL_GPIO_Init(USB_VBUS_GPIO_Port, &GPIO_InitStruct);
 322              		.loc 1 179 0
 323 0058 0595     		str	r5, [sp, #20]
 180:Src/stm32f4xx_hal_msp.c **** 
 324              		.loc 1 180 0
 325 005a 03A9     		add	r1, sp, #12
 326 005c 3046     		mov	r0, r6
 327 005e FFF7FEFF 		bl	HAL_GPIO_Init
 328              	.LVL16:
 183:Src/stm32f4xx_hal_msp.c ****   /* USER CODE BEGIN USB_OTG_FS_MspInit 1 */
 329              		.loc 1 183 0
 330 0062 636B     		ldr	r3, [r4, #52]
 331 0064 43F08003 		orr	r3, r3, #128
 332 0068 6363     		str	r3, [r4, #52]
 333              	.LBB7:
 334 006a 0295     		str	r5, [sp, #8]
 335 006c 636C     		ldr	r3, [r4, #68]
 336 006e 43F48043 		orr	r3, r3, #16384
 337 0072 6364     		str	r3, [r4, #68]
 338 0074 636C     		ldr	r3, [r4, #68]
 339 0076 03F48043 		and	r3, r3, #16384
 340 007a 0293     		str	r3, [sp, #8]
 341 007c 029B     		ldr	r3, [sp, #8]
 342              	.LBE7:
 343              		.loc 1 189 0
 344 007e CBE7     		b	.L17
 345              	.L22:
 346              		.align	2
 347              	.L21:
 348 0080 00380240 		.word	1073887232
 349 0084 00000240 		.word	1073872896
 350              		.cfi_endproc
 351              	.LFE133:
 353              		.section	.text.HAL_PCD_MspDeInit,"ax",%progbits
 354              		.align	1
 355              		.global	HAL_PCD_MspDeInit
 356              		.syntax unified
 357              		.thumb
 358              		.thumb_func
 359              		.fpu fpv4-sp-d16
 361              	HAL_PCD_MspDeInit:
 362              	.LFB134:
 190:Src/stm32f4xx_hal_msp.c **** 
 191:Src/stm32f4xx_hal_msp.c **** /**
 192:Src/stm32f4xx_hal_msp.c **** * @brief PCD MSP De-Initialization
 193:Src/stm32f4xx_hal_msp.c **** * This function freeze the hardware resources used in this example
 194:Src/stm32f4xx_hal_msp.c **** * @param hpcd: PCD handle pointer
 195:Src/stm32f4xx_hal_msp.c **** * @retval None
 196:Src/stm32f4xx_hal_msp.c **** */
ARM GAS  /tmp/ccaLCxyM.s 			page 11


 197:Src/stm32f4xx_hal_msp.c **** void HAL_PCD_MspDeInit(PCD_HandleTypeDef* hpcd)
 198:Src/stm32f4xx_hal_msp.c **** {
 363              		.loc 1 198 0
 364              		.cfi_startproc
 365              		@ args = 0, pretend = 0, frame = 0
 366              		@ frame_needed = 0, uses_anonymous_args = 0
 367              	.LVL17:
 368 0000 08B5     		push	{r3, lr}
 369              	.LCFI12:
 370              		.cfi_def_cfa_offset 8
 371              		.cfi_offset 3, -8
 372              		.cfi_offset 14, -4
 199:Src/stm32f4xx_hal_msp.c ****   if(hpcd->Instance==USB_OTG_FS)
 373              		.loc 1 199 0
 374 0002 0368     		ldr	r3, [r0]
 375 0004 B3F1A04F 		cmp	r3, #1342177280
 376 0008 00D0     		beq	.L26
 377              	.LVL18:
 378              	.L23:
 200:Src/stm32f4xx_hal_msp.c ****   {
 201:Src/stm32f4xx_hal_msp.c ****   /* USER CODE BEGIN USB_OTG_FS_MspDeInit 0 */
 202:Src/stm32f4xx_hal_msp.c **** 
 203:Src/stm32f4xx_hal_msp.c ****   /* USER CODE END USB_OTG_FS_MspDeInit 0 */
 204:Src/stm32f4xx_hal_msp.c ****     /* Peripheral clock disable */
 205:Src/stm32f4xx_hal_msp.c ****     __HAL_RCC_USB_OTG_FS_CLK_DISABLE();
 206:Src/stm32f4xx_hal_msp.c ****   
 207:Src/stm32f4xx_hal_msp.c ****     /**USB_OTG_FS GPIO Configuration    
 208:Src/stm32f4xx_hal_msp.c ****     PA8     ------> USB_OTG_FS_SOF
 209:Src/stm32f4xx_hal_msp.c ****     PA9     ------> USB_OTG_FS_VBUS
 210:Src/stm32f4xx_hal_msp.c ****     PA10     ------> USB_OTG_FS_ID
 211:Src/stm32f4xx_hal_msp.c ****     PA11     ------> USB_OTG_FS_DM
 212:Src/stm32f4xx_hal_msp.c ****     PA12     ------> USB_OTG_FS_DP 
 213:Src/stm32f4xx_hal_msp.c ****     */
 214:Src/stm32f4xx_hal_msp.c ****     HAL_GPIO_DeInit(GPIOA, USB_SOF_Pin|USB_VBUS_Pin|USB_ID_Pin|USB_DM_Pin 
 215:Src/stm32f4xx_hal_msp.c ****                           |USB_DP_Pin);
 216:Src/stm32f4xx_hal_msp.c **** 
 217:Src/stm32f4xx_hal_msp.c ****   /* USER CODE BEGIN USB_OTG_FS_MspDeInit 1 */
 218:Src/stm32f4xx_hal_msp.c **** 
 219:Src/stm32f4xx_hal_msp.c ****   /* USER CODE END USB_OTG_FS_MspDeInit 1 */
 220:Src/stm32f4xx_hal_msp.c ****   }
 221:Src/stm32f4xx_hal_msp.c **** 
 222:Src/stm32f4xx_hal_msp.c **** }
 379              		.loc 1 222 0
 380 000a 08BD     		pop	{r3, pc}
 381              	.LVL19:
 382              	.L26:
 205:Src/stm32f4xx_hal_msp.c ****   
 383              		.loc 1 205 0
 384 000c 054A     		ldr	r2, .L27
 385 000e 536B     		ldr	r3, [r2, #52]
 386 0010 23F08003 		bic	r3, r3, #128
 387 0014 5363     		str	r3, [r2, #52]
 214:Src/stm32f4xx_hal_msp.c ****                           |USB_DP_Pin);
 388              		.loc 1 214 0
 389 0016 4FF4F851 		mov	r1, #7936
 390 001a 0348     		ldr	r0, .L27+4
 391              	.LVL20:
ARM GAS  /tmp/ccaLCxyM.s 			page 12


 392 001c FFF7FEFF 		bl	HAL_GPIO_DeInit
 393              	.LVL21:
 394              		.loc 1 222 0
 395 0020 F3E7     		b	.L23
 396              	.L28:
 397 0022 00BF     		.align	2
 398              	.L27:
 399 0024 00380240 		.word	1073887232
 400 0028 00000240 		.word	1073872896
 401              		.cfi_endproc
 402              	.LFE134:
 404              		.text
 405              	.Letext0:
 406              		.file 2 "/home/hongtao/STM32_Tools/ARM_GCC/gcc-arm-none-eabi-7-2018-q2-update/arm-none-eabi/includ
 407              		.file 3 "/home/hongtao/STM32_Tools/ARM_GCC/gcc-arm-none-eabi-7-2018-q2-update/arm-none-eabi/includ
 408              		.file 4 "Drivers/CMSIS/Include/core_cm4.h"
 409              		.file 5 "Drivers/CMSIS/Device/ST/STM32F4xx/Include/system_stm32f4xx.h"
 410              		.file 6 "Drivers/CMSIS/Device/ST/STM32F4xx/Include/stm32f446xx.h"
 411              		.file 7 "Drivers/STM32F4xx_HAL_Driver/Inc/stm32f4xx_hal_def.h"
 412              		.file 8 "Drivers/STM32F4xx_HAL_Driver/Inc/stm32f4xx_hal_gpio.h"
 413              		.file 9 "Drivers/STM32F4xx_HAL_Driver/Inc/stm32f4xx_hal_dma.h"
 414              		.file 10 "Drivers/STM32F4xx_HAL_Driver/Inc/stm32f4xx_hal_uart.h"
 415              		.file 11 "Drivers/STM32F4xx_HAL_Driver/Inc/stm32f4xx_ll_usb.h"
 416              		.file 12 "Drivers/STM32F4xx_HAL_Driver/Inc/stm32f4xx_hal_pcd.h"
 417              		.file 13 "Drivers/STM32F4xx_HAL_Driver/Inc/stm32f4xx_hal_cortex.h"
ARM GAS  /tmp/ccaLCxyM.s 			page 13


DEFINED SYMBOLS
                            *ABS*:0000000000000000 stm32f4xx_hal_msp.c
     /tmp/ccaLCxyM.s:18     .text.HAL_MspInit:0000000000000000 $t
     /tmp/ccaLCxyM.s:25     .text.HAL_MspInit:0000000000000000 HAL_MspInit
     /tmp/ccaLCxyM.s:77     .text.HAL_MspInit:0000000000000040 $d
     /tmp/ccaLCxyM.s:82     .text.HAL_UART_MspInit:0000000000000000 $t
     /tmp/ccaLCxyM.s:89     .text.HAL_UART_MspInit:0000000000000000 HAL_UART_MspInit
     /tmp/ccaLCxyM.s:178    .text.HAL_UART_MspInit:000000000000006c $d
     /tmp/ccaLCxyM.s:184    .text.HAL_UART_MspDeInit:0000000000000000 $t
     /tmp/ccaLCxyM.s:191    .text.HAL_UART_MspDeInit:0000000000000000 HAL_UART_MspDeInit
     /tmp/ccaLCxyM.s:230    .text.HAL_UART_MspDeInit:0000000000000024 $d
     /tmp/ccaLCxyM.s:237    .text.HAL_PCD_MspInit:0000000000000000 $t
     /tmp/ccaLCxyM.s:244    .text.HAL_PCD_MspInit:0000000000000000 HAL_PCD_MspInit
     /tmp/ccaLCxyM.s:348    .text.HAL_PCD_MspInit:0000000000000080 $d
     /tmp/ccaLCxyM.s:354    .text.HAL_PCD_MspDeInit:0000000000000000 $t
     /tmp/ccaLCxyM.s:361    .text.HAL_PCD_MspDeInit:0000000000000000 HAL_PCD_MspDeInit
     /tmp/ccaLCxyM.s:399    .text.HAL_PCD_MspDeInit:0000000000000024 $d

UNDEFINED SYMBOLS
HAL_NVIC_SetPriority
HAL_GPIO_Init
HAL_GPIO_DeInit
